<?xml version="1.0" encoding="UTF-8"?>
<!-- Generated by org.testng.reporters.JUnitReportReporter -->
<testsuite hostname="DESKTOP-R5U0RRK" failures="0" tests="1" name="com.saucelab.testCases.LoginTest" time="6.534" errors="0" timestamp="2024-10-21T10:28:31 IST" skipped="0">
  <testcase classname="com.saucelab.testCases.LoginTest" name="verifyLogin" time="6.534"/>
  <system-out/>
</testsuite> <!-- com.saucelab.testCases.LoginTest -->
